<?xml version="1.0" encoding="UTF-8"?>
<testsuite name="com.csc.TestGroceryCounter" tests="4" skipped="0" failures="0" errors="0" timestamp="2024-09-22T22:55:12" hostname="ZEEL" time="0.041">
  <properties/>
  <testcase name="testIncrementMethods()" classname="com.csc.TestGroceryCounter" time="0.03"/>
  <testcase name="testCustomStartingValue()" classname="com.csc.TestGroceryCounter" time="0.003"/>
  <testcase name="testOverflow()" classname="com.csc.TestGroceryCounter" time="0.001"/>
  <testcase name="testDefaultConstructor()" classname="com.csc.TestGroceryCounter" time="0.001"/>
  <system-out><![CDATA[]]></system-out>
  <system-err><![CDATA[]]></system-err>
</testsuite>
